C:\Program Files (x86)\MSBuild\Microsoft.Cpp\v4.0\V140\Microsoft.CppBuild.targets(392,5): warning MSB8028: The intermediate directory (Debug\) contains files shared from another project (연습 프로젝트.vcxproj).  This can lead to incorrect clean and rebuild behavior.
  Bank.cpp
d:\github\cpp_practice\연습 프로젝트\연습 프로젝트\bank.cpp(47): error C2440: '=': cannot convert from 'hana_bank::ACCOUNT *' to 'hana_bank::ACCOUNT **'
  d:\github\cpp_practice\연습 프로젝트\연습 프로젝트\bank.cpp(47): note: Types pointed to are unrelated; conversion requires reinterpret_cast, C-style cast or function-style cast
d:\github\cpp_practice\연습 프로젝트\연습 프로젝트\bank.cpp(51): error C2227: left of '->name' must point to class/struct/union/generic type
  d:\github\cpp_practice\연습 프로젝트\연습 프로젝트\bank.cpp(51): note: type is 'hana_bank::ACCOUNT **'
d:\github\cpp_practice\연습 프로젝트\연습 프로젝트\bank.cpp(54): error C2227: left of '->name' must point to class/struct/union/generic type
  d:\github\cpp_practice\연습 프로젝트\연습 프로젝트\bank.cpp(54): note: type is 'hana_bank::ACCOUNT **'
d:\github\cpp_practice\연습 프로젝트\연습 프로젝트\bank.cpp(57): error C2227: left of '->id' must point to class/struct/union/generic type
  d:\github\cpp_practice\연습 프로젝트\연습 프로젝트\bank.cpp(57): note: type is 'hana_bank::ACCOUNT **'
d:\github\cpp_practice\연습 프로젝트\연습 프로젝트\bank.cpp(58): error C2227: left of '->cash' must point to class/struct/union/generic type
  d:\github\cpp_practice\연습 프로젝트\연습 프로젝트\bank.cpp(58): note: type is 'hana_bank::ACCOUNT **'
d:\github\cpp_practice\연습 프로젝트\연습 프로젝트\bank.cpp(68): error C2679: binary '=': no operator found which takes a right-hand operand of type 'hana_bank::ACCOUNT *' (or there is no acceptable conversion)
  d:\github\cpp_practice\연습 프로젝트\연습 프로젝트\account.h(21): note: could be 'hana_bank::ACCOUNT &hana_bank::ACCOUNT::operator =(const hana_bank::ACCOUNT &)'
  d:\github\cpp_practice\연습 프로젝트\연습 프로젝트\bank.cpp(68): note: while trying to match the argument list '(hana_bank::ACCOUNT, hana_bank::ACCOUNT *)'
d:\github\cpp_practice\연습 프로젝트\연습 프로젝트\bank.cpp(74): error C2248: 'hana_bank::ACCOUNT::name': cannot access private member declared in class 'hana_bank::ACCOUNT'
  d:\github\cpp_practice\연습 프로젝트\연습 프로젝트\account.h(9): note: see declaration of 'hana_bank::ACCOUNT::name'
  d:\github\cpp_practice\연습 프로젝트\연습 프로젝트\account.h(6): note: see declaration of 'hana_bank::ACCOUNT'
d:\github\cpp_practice\연습 프로젝트\연습 프로젝트\bank.cpp(75): error C2248: 'hana_bank::ACCOUNT::name': cannot access private member declared in class 'hana_bank::ACCOUNT'
  d:\github\cpp_practice\연습 프로젝트\연습 프로젝트\account.h(9): note: see declaration of 'hana_bank::ACCOUNT::name'
  d:\github\cpp_practice\연습 프로젝트\연습 프로젝트\account.h(6): note: see declaration of 'hana_bank::ACCOUNT'
d:\github\cpp_practice\연습 프로젝트\연습 프로젝트\bank.cpp(78): error C2248: 'hana_bank::ACCOUNT::id': cannot access private member declared in class 'hana_bank::ACCOUNT'
  d:\github\cpp_practice\연습 프로젝트\연습 프로젝트\account.h(8): note: see declaration of 'hana_bank::ACCOUNT::id'
  d:\github\cpp_practice\연습 프로젝트\연습 프로젝트\account.h(6): note: see declaration of 'hana_bank::ACCOUNT'
d:\github\cpp_practice\연습 프로젝트\연습 프로젝트\bank.cpp(79): error C2248: 'hana_bank::ACCOUNT::cash': cannot access private member declared in class 'hana_bank::ACCOUNT'
  d:\github\cpp_practice\연습 프로젝트\연습 프로젝트\account.h(10): note: see declaration of 'hana_bank::ACCOUNT::cash'
  d:\github\cpp_practice\연습 프로젝트\연습 프로젝트\account.h(6): note: see declaration of 'hana_bank::ACCOUNT'
d:\github\cpp_practice\연습 프로젝트\연습 프로젝트\bank.cpp(85): error C2440: '=': cannot convert from 'hana_bank::ACCOUNT *' to 'hana_bank::ACCOUNT **'
  d:\github\cpp_practice\연습 프로젝트\연습 프로젝트\bank.cpp(85): note: Types pointed to are unrelated; conversion requires reinterpret_cast, C-style cast or function-style cast
d:\github\cpp_practice\연습 프로젝트\연습 프로젝트\bank.cpp(106): error C2228: left of '.id' must have class/struct/union
  d:\github\cpp_practice\연습 프로젝트\연습 프로젝트\bank.cpp(106): note: type is 'hana_bank::ACCOUNT *'
  d:\github\cpp_practice\연습 프로젝트\연습 프로젝트\bank.cpp(106): note: did you intend to use '->' instead?
d:\github\cpp_practice\연습 프로젝트\연습 프로젝트\bank.cpp(108): error C2228: left of '.cash' must have class/struct/union
  d:\github\cpp_practice\연습 프로젝트\연습 프로젝트\bank.cpp(108): note: type is 'hana_bank::ACCOUNT *'
  d:\github\cpp_practice\연습 프로젝트\연습 프로젝트\bank.cpp(108): note: did you intend to use '->' instead?
d:\github\cpp_practice\연습 프로젝트\연습 프로젝트\bank.cpp(110): error C2228: left of '.cash' must have class/struct/union
  d:\github\cpp_practice\연습 프로젝트\연습 프로젝트\bank.cpp(110): note: type is 'hana_bank::ACCOUNT *'
  d:\github\cpp_practice\연습 프로젝트\연습 프로젝트\bank.cpp(110): note: did you intend to use '->' instead?
d:\github\cpp_practice\연습 프로젝트\연습 프로젝트\bank.cpp(135): error C2228: left of '.id' must have class/struct/union
  d:\github\cpp_practice\연습 프로젝트\연습 프로젝트\bank.cpp(135): note: type is 'hana_bank::ACCOUNT *'
  d:\github\cpp_practice\연습 프로젝트\연습 프로젝트\bank.cpp(135): note: did you intend to use '->' instead?
d:\github\cpp_practice\연습 프로젝트\연습 프로젝트\bank.cpp(137): error C2228: left of '.cash' must have class/struct/union
  d:\github\cpp_practice\연습 프로젝트\연습 프로젝트\bank.cpp(137): note: type is 'hana_bank::ACCOUNT *'
  d:\github\cpp_practice\연습 프로젝트\연습 프로젝트\bank.cpp(137): note: did you intend to use '->' instead?
d:\github\cpp_practice\연습 프로젝트\연습 프로젝트\bank.cpp(140): error C2228: left of '.cash' must have class/struct/union
  d:\github\cpp_practice\연습 프로젝트\연습 프로젝트\bank.cpp(140): note: type is 'hana_bank::ACCOUNT *'
  d:\github\cpp_practice\연습 프로젝트\연습 프로젝트\bank.cpp(140): note: did you intend to use '->' instead?
d:\github\cpp_practice\연습 프로젝트\연습 프로젝트\bank.cpp(144): error C2228: left of '.cash' must have class/struct/union
  d:\github\cpp_practice\연습 프로젝트\연습 프로젝트\bank.cpp(144): note: type is 'hana_bank::ACCOUNT *'
  d:\github\cpp_practice\연습 프로젝트\연습 프로젝트\bank.cpp(144): note: did you intend to use '->' instead?
d:\github\cpp_practice\연습 프로젝트\연습 프로젝트\bank.cpp(145): error C2228: left of '.cash' must have class/struct/union
  d:\github\cpp_practice\연습 프로젝트\연습 프로젝트\bank.cpp(145): note: type is 'hana_bank::ACCOUNT *'
  d:\github\cpp_practice\연습 프로젝트\연습 프로젝트\bank.cpp(145): note: did you intend to use '->' instead?
d:\github\cpp_practice\연습 프로젝트\연습 프로젝트\bank.cpp(161): error C2228: left of '.name' must have class/struct/union
  d:\github\cpp_practice\연습 프로젝트\연습 프로젝트\bank.cpp(161): note: type is 'hana_bank::ACCOUNT *'
  d:\github\cpp_practice\연습 프로젝트\연습 프로젝트\bank.cpp(161): note: did you intend to use '->' instead?
d:\github\cpp_practice\연습 프로젝트\연습 프로젝트\bank.cpp(162): error C2228: left of '.id' must have class/struct/union
  d:\github\cpp_practice\연습 프로젝트\연습 프로젝트\bank.cpp(162): note: type is 'hana_bank::ACCOUNT *'
  d:\github\cpp_practice\연습 프로젝트\연습 프로젝트\bank.cpp(162): note: did you intend to use '->' instead?
d:\github\cpp_practice\연습 프로젝트\연습 프로젝트\bank.cpp(163): error C2228: left of '.cash' must have class/struct/union
  d:\github\cpp_practice\연습 프로젝트\연습 프로젝트\bank.cpp(163): note: type is 'hana_bank::ACCOUNT *'
  d:\github\cpp_practice\연습 프로젝트\연습 프로젝트\bank.cpp(163): note: did you intend to use '->' instead?
